<?xml version="1.0" encoding="UTF-8"?>
<testsuite name="test.java.VocabTest" tests="1" skipped="0" failures="0" errors="0" timestamp="2021-11-26T16:21:48" hostname="sol.cs.odu.edu" time="0.019">
  <properties/>
  <testcase name="testAddStartingWord()" classname="test.java.VocabTest" time="0.019"/>
  <system-out><![CDATA[]]></system-out>
  <system-err><![CDATA[]]></system-err>
</testsuite>
